app/build/intermediates/manifest_merge_blame_file/debug/manifest-merger-blame-debug-report.txt
1<?xml version="1.0" encoding="utf-8"?>
2<manifest xmlns:android="http://schemas.android.com/apk/res/android"
3    package="com.arielu.shopper.demo"
4    android:versionCode="1"
5    android:versionName="1.0" >
6
7    <uses-sdk
8        android:minSdkVersion="22"
8-->src/main/AndroidManifest.xml
9        android:targetSdkVersion="28" />
9-->src/main/AndroidManifest.xml
10
11    <uses-permission android:name="android.permission.INTERNET" />
11-->src/main/AndroidManifest.xml:5:5-67
11-->src/main/AndroidManifest.xml:5:22-64
12    <uses-permission android:name="android.permission.ACCESS_FINE_LOCATION" />
12-->src/main/AndroidManifest.xml:6:5-79
12-->src/main/AndroidManifest.xml:6:22-76
13    <uses-permission android:name="android.permission.CAMERA" />
13-->src/main/AndroidManifest.xml:7:5-64
13-->src/main/AndroidManifest.xml:7:22-62
14    <uses-permission android:name="android.permission.RECORD_AUDIO" />
14-->src/main/AndroidManifest.xml:8:5-70
14-->src/main/AndroidManifest.xml:8:22-68
15
16    <!-- Although the *SdkVersion is captured in gradle build files, this is required for non gradle builds -->
17    <!-- <uses-sdk android:minSdkVersion="14"/> -->
18    <uses-permission android:name="android.permission.ACCESS_NETWORK_STATE" />
18-->[com.google.firebase:firebase-database:17.0.0] AndroidManifest.xml:25:5-79
18-->[com.google.firebase:firebase-database:17.0.0] AndroidManifest.xml:25:22-76
19    <!--
20         Have developers add this. We don't want AUDIO permission to be auto-added to
21         apps that just want to take pictures.
22    -->
23    <!-- uses-permission android:name="android.permission.RECORD_AUDIO" / -->
24    <uses-feature
24-->[com.otaliastudios:cameraview:2.0.0-rc1] AndroidManifest.xml:19:5-21:36
25        android:name="android.hardware.camera"
25-->[com.otaliastudios:cameraview:2.0.0-rc1] AndroidManifest.xml:20:9-47
26        android:required="false" />
26-->[com.otaliastudios:cameraview:2.0.0-rc1] AndroidManifest.xml:21:9-33
27    <uses-feature
27-->[com.otaliastudios:cameraview:2.0.0-rc1] AndroidManifest.xml:22:5-24:36
28        android:name="android.hardware.camera.autofocus"
28-->[com.otaliastudios:cameraview:2.0.0-rc1] AndroidManifest.xml:23:9-57
29        android:required="false" />
29-->[com.otaliastudios:cameraview:2.0.0-rc1] AndroidManifest.xml:24:9-33
30    <uses-feature
30-->[com.otaliastudios:cameraview:2.0.0-rc1] AndroidManifest.xml:25:5-27:36
31        android:name="android.hardware.camera.front"
31-->[com.otaliastudios:cameraview:2.0.0-rc1] AndroidManifest.xml:26:9-53
32        android:required="false" />
32-->[com.otaliastudios:cameraview:2.0.0-rc1] AndroidManifest.xml:27:9-33
33    <uses-feature
33-->[com.otaliastudios:cameraview:2.0.0-rc1] AndroidManifest.xml:28:5-30:36
34        android:name="android.hardware.microphone"
34-->[com.otaliastudios:cameraview:2.0.0-rc1] AndroidManifest.xml:29:9-51
35        android:required="false" />
35-->[com.otaliastudios:cameraview:2.0.0-rc1] AndroidManifest.xml:30:9-33
36
37    <uses-permission android:name="android.permission.WAKE_LOCK" /> <!-- Required by older versions of Google Play services to create IID tokens -->
37-->[com.google.android.gms:play-services-measurement-api:17.2.0] AndroidManifest.xml:24:5-68
37-->[com.google.android.gms:play-services-measurement-api:17.2.0] AndroidManifest.xml:24:22-65
38    <uses-permission android:name="com.google.android.c2dm.permission.RECEIVE" />
38-->[com.google.firebase:firebase-iid:19.0.0] AndroidManifest.xml:26:5-82
38-->[com.google.firebase:firebase-iid:19.0.0] AndroidManifest.xml:26:22-79
39    <uses-permission android:name="com.google.android.finsky.permission.BIND_GET_INSTALL_REFERRER_SERVICE" />
39-->[com.google.android.gms:play-services-measurement:17.2.0] AndroidManifest.xml:26:5-110
39-->[com.google.android.gms:play-services-measurement:17.2.0] AndroidManifest.xml:26:22-107
40
41    <application
41-->src/main/AndroidManifest.xml:9:5-41:19
42        android:allowBackup="true"
42-->src/main/AndroidManifest.xml:11:9-35
43        android:appComponentFactory="androidx.core.app.CoreComponentFactory"
43-->[androidx.core:core:1.0.1] AndroidManifest.xml:22:18-86
44        android:debuggable="true"
45        android:icon="@mipmap/ic_launcher"
45-->src/main/AndroidManifest.xml:12:9-43
46        android:label="@string/app_name"
46-->src/main/AndroidManifest.xml:13:9-41
47        android:roundIcon="@mipmap/ic_launcher_round"
47-->src/main/AndroidManifest.xml:14:9-54
48        android:supportsRtl="true"
48-->src/main/AndroidManifest.xml:15:9-35
49        android:testOnly="true"
50        android:theme="@style/AppTheme"
50-->src/main/AndroidManifest.xml:16:9-40
51        android:usesCleartextTraffic="true" >
51-->src/main/AndroidManifest.xml:10:9-44
52        <meta-data
52-->src/main/AndroidManifest.xml:17:9-19:39
53            android:name="com.google.firebase.ml.vision.DEPENDENCIES"
53-->src/main/AndroidManifest.xml:18:13-70
54            android:value="barcode" />
54-->src/main/AndroidManifest.xml:19:13-36
55
56        <activity android:name="com.arielu.shopper.demo.UserMessageBoardActivity" />
56-->src/main/AndroidManifest.xml:21:9-62
56-->src/main/AndroidManifest.xml:21:19-59
57        <activity android:name="com.arielu.shopper.demo.QrCamera" />
57-->src/main/AndroidManifest.xml:22:9-46
57-->src/main/AndroidManifest.xml:22:19-43
58        <activity android:name="com.arielu.shopper.demo.BranchesActivity" />
58-->src/main/AndroidManifest.xml:24:9-54
58-->src/main/AndroidManifest.xml:24:19-51
59        <activity android:name="com.arielu.shopper.demo.ShoppingListPermissionsActivity" />
59-->src/main/AndroidManifest.xml:25:9-69
59-->src/main/AndroidManifest.xml:25:19-66
60        <activity android:name="com.arielu.shopper.demo.SearchItemsActivity" />
60-->src/main/AndroidManifest.xml:26:9-57
60-->src/main/AndroidManifest.xml:26:19-54
61        <activity
61-->src/main/AndroidManifest.xml:27:9-104
62            android:name="com.arielu.shopper.demo.UserShoppingListActivity"
62-->src/main/AndroidManifest.xml:27:19-59
63            android:windowSoftInputMode="adjustResize" />
63-->src/main/AndroidManifest.xml:27:60-102
64        <activity android:name="com.arielu.shopper.demo.ChooseListActivity" />
64-->src/main/AndroidManifest.xml:28:9-56
64-->src/main/AndroidManifest.xml:28:19-53
65        <activity android:name="com.arielu.shopper.demo.UserPanelActivity" />
65-->src/main/AndroidManifest.xml:29:9-55
65-->src/main/AndroidManifest.xml:29:19-52
66        <activity android:name="com.arielu.shopper.demo.WorkerPanelActivity" />
66-->src/main/AndroidManifest.xml:30:9-57
66-->src/main/AndroidManifest.xml:30:19-54
67        <activity android:name="com.arielu.shopper.demo.MessageBoardActivity" />
67-->src/main/AndroidManifest.xml:31:9-58
67-->src/main/AndroidManifest.xml:31:19-55
68        <activity android:name="com.arielu.shopper.demo.LoginActivity" />
68-->src/main/AndroidManifest.xml:32:9-51
68-->src/main/AndroidManifest.xml:32:19-48
69        <activity android:name="com.arielu.shopper.demo.RegisterActivity" />
69-->src/main/AndroidManifest.xml:33:9-54
69-->src/main/AndroidManifest.xml:33:19-51
70        <activity android:name="com.arielu.shopper.demo.MainActivity" >
70-->src/main/AndroidManifest.xml:34:9-40:20
70-->src/main/AndroidManifest.xml:34:19-47
71            <intent-filter>
71-->src/main/AndroidManifest.xml:35:13-39:29
72                <action android:name="android.intent.action.MAIN" />
72-->src/main/AndroidManifest.xml:36:17-69
72-->src/main/AndroidManifest.xml:36:25-66
73
74                <category android:name="android.intent.category.LAUNCHER" />
74-->src/main/AndroidManifest.xml:38:17-77
74-->src/main/AndroidManifest.xml:38:27-74
75            </intent-filter>
76        </activity>
77        <activity
77-->[com.karumi:dexter:5.0.0] AndroidManifest.xml:27:9-29:72
78            android:name="com.karumi.dexter.DexterActivity"
78-->[com.karumi:dexter:5.0.0] AndroidManifest.xml:28:13-60
79            android:theme="@style/Dexter.Internal.Theme.Transparent" />
79-->[com.karumi:dexter:5.0.0] AndroidManifest.xml:29:13-69
80        <activity
80-->[com.google.firebase:firebase-auth:17.0.0] AndroidManifest.xml:24:9-31:50
81            android:name="com.google.firebase.auth.internal.FederatedSignInActivity"
81-->[com.google.firebase:firebase-auth:17.0.0] AndroidManifest.xml:25:13-85
82            android:excludeFromRecents="true"
82-->[com.google.firebase:firebase-auth:17.0.0] AndroidManifest.xml:26:13-46
83            android:exported="true"
83-->[com.google.firebase:firebase-auth:17.0.0] AndroidManifest.xml:27:13-36
84            android:launchMode="singleTask"
84-->[com.google.firebase:firebase-auth:17.0.0] AndroidManifest.xml:28:13-44
85            android:permission="com.google.firebase.auth.api.gms.permission.LAUNCH_FEDERATED_SIGN_IN"
85-->[com.google.firebase:firebase-auth:17.0.0] AndroidManifest.xml:29:13-102
86            android:theme="@android:style/Theme.Translucent.NoTitleBar" />
86-->[com.google.firebase:firebase-auth:17.0.0] AndroidManifest.xml:30:13-72
87
88        <service
88-->[com.google.firebase:firebase-auth:17.0.0] AndroidManifest.xml:33:9-39:19
89            android:name="com.google.firebase.components.ComponentDiscoveryService"
89-->[com.google.firebase:firebase-auth:17.0.0] AndroidManifest.xml:34:13-84
90            android:exported="false" >
90-->[com.google.firebase:firebase-auth:17.0.0] AndroidManifest.xml:35:13-37
91            <meta-data
91-->[com.google.firebase:firebase-auth:17.0.0] AndroidManifest.xml:36:13-38:85
92                android:name="com.google.firebase.components:com.google.firebase.auth.FirebaseAuthRegistrar"
92-->[com.google.firebase:firebase-auth:17.0.0] AndroidManifest.xml:37:17-109
93                android:value="com.google.firebase.components.ComponentRegistrar" />
93-->[com.google.firebase:firebase-auth:17.0.0] AndroidManifest.xml:38:17-82
94            <meta-data
94-->[com.google.firebase:firebase-database:17.0.0] AndroidManifest.xml:30:13-32:85
95                android:name="com.google.firebase.components:com.google.firebase.database.DatabaseRegistrar"
95-->[com.google.firebase:firebase-database:17.0.0] AndroidManifest.xml:31:17-109
96                android:value="com.google.firebase.components.ComponentRegistrar" />
96-->[com.google.firebase:firebase-database:17.0.0] AndroidManifest.xml:32:17-82
97            <meta-data
97-->[com.google.firebase:firebase-ml-common:20.0.1] AndroidManifest.xml:11:13-13:85
98                android:name="com.google.firebase.components:com.google.firebase.ml.common.internal.CommonComponentRegistrar"
98-->[com.google.firebase:firebase-ml-common:20.0.1] AndroidManifest.xml:12:17-126
99                android:value="com.google.firebase.components.ComponentRegistrar" />
99-->[com.google.firebase:firebase-ml-common:20.0.1] AndroidManifest.xml:13:17-82
100            <meta-data
100-->[com.google.android.gms:play-services-measurement-api:17.2.0] AndroidManifest.xml:30:13-32:85
101                android:name="com.google.firebase.components:com.google.firebase.analytics.connector.internal.AnalyticsConnectorRegistrar"
101-->[com.google.android.gms:play-services-measurement-api:17.2.0] AndroidManifest.xml:31:17-139
102                android:value="com.google.firebase.components.ComponentRegistrar" />
102-->[com.google.android.gms:play-services-measurement-api:17.2.0] AndroidManifest.xml:32:17-82
103            <meta-data
103-->[com.google.firebase:firebase-iid:19.0.0] AndroidManifest.xml:32:13-34:85
104                android:name="com.google.firebase.components:com.google.firebase.iid.Registrar"
104-->[com.google.firebase:firebase-iid:19.0.0] AndroidManifest.xml:33:17-96
105                android:value="com.google.firebase.components.ComponentRegistrar" />
105-->[com.google.firebase:firebase-iid:19.0.0] AndroidManifest.xml:34:17-82
106        </service>
107
108        <receiver
108-->[com.google.firebase:firebase-iid:19.0.0] AndroidManifest.xml:37:9-44:20
109            android:name="com.google.firebase.iid.FirebaseInstanceIdReceiver"
109-->[com.google.firebase:firebase-iid:19.0.0] AndroidManifest.xml:38:13-78
110            android:exported="true"
110-->[com.google.firebase:firebase-iid:19.0.0] AndroidManifest.xml:39:13-36
111            android:permission="com.google.android.c2dm.permission.SEND" >
111-->[com.google.firebase:firebase-iid:19.0.0] AndroidManifest.xml:40:13-73
112            <intent-filter>
112-->[com.google.firebase:firebase-iid:19.0.0] AndroidManifest.xml:41:13-43:29
113                <action android:name="com.google.android.c2dm.intent.RECEIVE" />
113-->[com.google.firebase:firebase-iid:19.0.0] AndroidManifest.xml:42:17-81
113-->[com.google.firebase:firebase-iid:19.0.0] AndroidManifest.xml:42:25-78
114            </intent-filter>
115        </receiver>
116
117        <activity
117-->[com.google.android.gms:play-services-base:17.0.0] AndroidManifest.xml:23:9-26:75
118            android:name="com.google.android.gms.common.api.GoogleApiActivity"
118-->[com.google.android.gms:play-services-base:17.0.0] AndroidManifest.xml:24:13-79
119            android:exported="false"
119-->[com.google.android.gms:play-services-base:17.0.0] AndroidManifest.xml:25:13-37
120            android:theme="@android:style/Theme.Translucent.NoTitleBar" />
120-->[com.google.android.gms:play-services-base:17.0.0] AndroidManifest.xml:26:13-72
121
122        <receiver
122-->[com.google.android.gms:play-services-measurement:17.2.0] AndroidManifest.xml:29:9-33:20
123            android:name="com.google.android.gms.measurement.AppMeasurementReceiver"
123-->[com.google.android.gms:play-services-measurement:17.2.0] AndroidManifest.xml:30:13-85
124            android:enabled="true"
124-->[com.google.android.gms:play-services-measurement:17.2.0] AndroidManifest.xml:31:13-35
125            android:exported="false" >
125-->[com.google.android.gms:play-services-measurement:17.2.0] AndroidManifest.xml:32:13-37
126        </receiver>
127        <receiver
127-->[com.google.android.gms:play-services-measurement:17.2.0] AndroidManifest.xml:34:9-42:20
128            android:name="com.google.android.gms.measurement.AppMeasurementInstallReferrerReceiver"
128-->[com.google.android.gms:play-services-measurement:17.2.0] AndroidManifest.xml:35:13-100
129            android:enabled="true"
129-->[com.google.android.gms:play-services-measurement:17.2.0] AndroidManifest.xml:36:13-35
130            android:exported="true"
130-->[com.google.android.gms:play-services-measurement:17.2.0] AndroidManifest.xml:37:13-36
131            android:permission="android.permission.INSTALL_PACKAGES" >
131-->[com.google.android.gms:play-services-measurement:17.2.0] AndroidManifest.xml:38:13-69
132            <intent-filter>
132-->[com.google.android.gms:play-services-measurement:17.2.0] AndroidManifest.xml:39:13-41:29
133                <action android:name="com.android.vending.INSTALL_REFERRER" />
133-->[com.google.android.gms:play-services-measurement:17.2.0] AndroidManifest.xml:40:17-79
133-->[com.google.android.gms:play-services-measurement:17.2.0] AndroidManifest.xml:40:25-76
134            </intent-filter>
135        </receiver>
136
137        <service
137-->[com.google.android.gms:play-services-measurement:17.2.0] AndroidManifest.xml:44:9-47:40
138            android:name="com.google.android.gms.measurement.AppMeasurementService"
138-->[com.google.android.gms:play-services-measurement:17.2.0] AndroidManifest.xml:45:13-84
139            android:enabled="true"
139-->[com.google.android.gms:play-services-measurement:17.2.0] AndroidManifest.xml:46:13-35
140            android:exported="false" />
140-->[com.google.android.gms:play-services-measurement:17.2.0] AndroidManifest.xml:47:13-37
141        <service
141-->[com.google.android.gms:play-services-measurement:17.2.0] AndroidManifest.xml:48:9-52:72
142            android:name="com.google.android.gms.measurement.AppMeasurementJobService"
142-->[com.google.android.gms:play-services-measurement:17.2.0] AndroidManifest.xml:49:13-87
143            android:enabled="true"
143-->[com.google.android.gms:play-services-measurement:17.2.0] AndroidManifest.xml:50:13-35
144            android:exported="false"
144-->[com.google.android.gms:play-services-measurement:17.2.0] AndroidManifest.xml:51:13-37
145            android:permission="android.permission.BIND_JOB_SERVICE" />
145-->[com.google.android.gms:play-services-measurement:17.2.0] AndroidManifest.xml:52:13-69
146
147        <provider
147-->[com.google.firebase:firebase-common:19.0.0] AndroidManifest.xml:12:9-16:39
148            android:name="com.google.firebase.provider.FirebaseInitProvider"
148-->[com.google.firebase:firebase-common:19.0.0] AndroidManifest.xml:13:13-77
149            android:authorities="com.arielu.shopper.demo.firebaseinitprovider"
149-->[com.google.firebase:firebase-common:19.0.0] AndroidManifest.xml:14:13-72
150            android:exported="false"
150-->[com.google.firebase:firebase-common:19.0.0] AndroidManifest.xml:15:13-37
151            android:initOrder="100" />
151-->[com.google.firebase:firebase-common:19.0.0] AndroidManifest.xml:16:13-36
152
153        <meta-data
153-->[com.google.android.gms:play-services-basement:17.0.0] AndroidManifest.xml:23:9-25:69
154            android:name="com.google.android.gms.version"
154-->[com.google.android.gms:play-services-basement:17.0.0] AndroidManifest.xml:24:13-58
155            android:value="@integer/google_play_services_version" />
155-->[com.google.android.gms:play-services-basement:17.0.0] AndroidManifest.xml:25:13-66
156    </application>
157
158</manifest>